#
# A fatal error has been detected by the Java Runtime Environment:
#
#  SIGFPE (0x8) at pc=0x000000011b5b1508, pid=1407, tid=8963
#
# JRE version: OpenJDK Runtime Environment AdoptOpenJDK (14.0.2+12) (build 14.0.2+12)
# Java VM: OpenJDK 64-Bit Server VM AdoptOpenJDK (14.0.2+12, mixed mode, sharing, tiered, compressed oops, g1 gc, bsd-amd64)
# Problematic frame:
# j  Main_220517.solution(I[I)[I+91
#
# No core dump will be written. Core dumps have been disabled. To enable core dumping, try "ulimit -c unlimited" before starting Java again
#
# If you would like to submit a bug report, please visit:
#   https://github.com/AdoptOpenJDK/openjdk-support/issues
#

---------------  S U M M A R Y ------------

Command Line: -XX:+ShowCodeDetailsInExceptionMessages -Dfile.encoding=UTF-8 Main_220517

Host: MacBookPro17,1 x86_64 2400 MHz, 8 cores, 8G, Darwin 20.2.0
Time: Tue May 17 16:14:54 2022 KST elapsed time: 0 seconds (0d 0h 0m 0s)

---------------  T H R E A D  ---------------

Current thread (0x00007fcfd8011800):  JavaThread "main" [_thread_in_Java, id=8963, stack(0x000000030c6c6000,0x000000030c7c6000)]

Stack: [0x000000030c6c6000,0x000000030c7c6000],  sp=0x000000030c7c5a00,  free space=1022k
Native frames: (J=compiled Java code, A=aot compiled Java code, j=interpreted, Vv=VM code, C=native code)
j  Main_220517.solution(I[I)[I+91
j  Main_220517.main([Ljava/lang/String;)V+44
v  ~StubRoutines::call_stub
V  [libjvm.dylib+0x353b2f]  JavaCalls::call_helper(JavaValue*, methodHandle const&, JavaCallArguments*, Thread*)+0x255
V  [libjvm.dylib+0x399aae]  jni_invoke_static(JNIEnv_*, JavaValue*, _jobject*, JNICallType, _jmethodID*, JNI_ArgumentPusher*, Thread*)+0x10a
V  [libjvm.dylib+0x39d38d]  jni_CallStaticVoidMethod+0x1b4
C  [libjli.dylib+0x4b04]  JavaMain+0xab4
C  [libjli.dylib+0x6d9b]  ThreadJavaMain+0x9
C  [libsystem_pthread.dylib+0x6950]  _pthread_start+0xe0
C  [libsystem_pthread.dylib+0x247b]  thread_start+0xf


siginfo: si_signo: 8 (SIGFPE), si_code: 5 (FPE_FLTINV), si_addr: 0x000000011b5b1508

Register to memory mapping:

RAX=0x0 is NULL
RBX=0x000000000000006c is an unknown value
RCX=0x0 is NULL
RDX=0x0 is NULL
RSP=0x000000030c7c5a00 is pointing into the stack for thread: 0x00007fcfd8011800
RBP=0x000000030c7c5a48 is pointing into the stack for thread: 0x00007fcfd8011800
RSI=0x0000000000002f98 is an unknown value
RDI=0x0000000000000640 is an unknown value
R8 =0x0000000000000006 is an unknown value
R9 =0x0000000787f497a8 is an oop: java.lang.Double 
{0x0000000787f497a8} - klass: 'java/lang/Double'
R10=0x00000001111f0d90: _ZN19TemplateInterpreter13_active_tableE+0x2000 in /Library/Java/JavaVirtualMachines/adoptopenjdk-14.jdk/Contents/Home/lib/server/libjvm.dylib at 0x0000000110800000
R11=0x0000000000000006 is an unknown value
R12=0x0 is NULL
R13=0x000000013164a5dc is pointing into metadata
R14=0x000000030c7c5a98 is pointing into the stack for thread: 0x00007fcfd8011800
R15=0x00007fcfd8011800 is a thread


Registers:
RAX=0x0000000000000000, RBX=0x000000000000006c, RCX=0x0000000000000000, RDX=0x0000000000000000
RSP=0x000000030c7c5a00, RBP=0x000000030c7c5a48, RSI=0x0000000000002f98, RDI=0x0000000000000640
R8 =0x0000000000000006, R9 =0x0000000787f497a8, R10=0x00000001111f0d90, R11=0x0000000000000006
R12=0x0000000000000000, R13=0x000000013164a5dc, R14=0x000000030c7c5a98, R15=0x00007fcfd8011800
RIP=0x000000011b5b1508, EFLAGS=0x0000000000000a87, ERR=0x0000000000000000
  TRAPNO=0x0000000000000000

Top of Stack: (sp=0x000000030c7c5a00)
0x000000030c7c5a00:   000000030c7c5a00 000000013164a5eb
0x000000030c7c5a10:   000000030c7c5a98 000000013164a848
0x000000030c7c5a20:   0000000000000000 0000000787f48890
0x000000030c7c5a30:   000000013164a6d0 0000000000000000
0x000000030c7c5a40:   000000030c7c5a90 000000030c7c5ae8
0x000000030c7c5a50:   000000011b5a6c40 3ff0000000000000
0x000000030c7c5a60:   0000000000000008 0000000000000000
0x000000030c7c5a70:   0000000000000000 0000000000000007
0x000000030c7c5a80:   0000000787f49230 0000000787f49138
0x000000030c7c5a90:   0000000787f49108 0000000000000005
0x000000030c7c5aa0:   000000030c7c5aa0 000000013164a7b4
0x000000030c7c5ab0:   000000030c7c5b08 000000013164a848
0x000000030c7c5ac0:   0000000000000000 0000000787f48890
0x000000030c7c5ad0:   000000013164a7f0 000000030c7c5a90
0x000000030c7c5ae0:   000000030c7c5b08 000000030c7c5b70
0x000000030c7c5af0:   000000011b59d947 0000000787f49108
0x000000030c7c5b00:   0000000000000005 0000000787f490f8
0x000000030c7c5b10:   0000000300001fa0 00007fcfd8011800
0x000000030c7c5b20:   000000030c7c5e90 000000030c7c5e98
0x000000030c7c5b30:   000000030c7c5ce0 0000000000000001
0x000000030c7c5b40:   000000030c7c5bc8 000000030c7c5e98
0x000000030c7c5b50:   000000030000000a 000000013164a7f0
0x000000030c7c5b60:   000000011b5ab120 000000030c7c5ce8
0x000000030c7c5b70:   000000030c7c5c50 0000000110b53b2f
0x000000030c7c5b80:   0000000000000001 00007fcfd8011800
0x000000030c7c5b90:   00007fcfd8011800 00007fcfcef0f730
0x000000030c7c5ba0:   00007fcfcef0fcb0 00007fcfcef0fcc0
0x000000030c7c5bb0:   00007fcfcef0fd98 00000000000000d8
0x000000030c7c5bc0:   00007fcfcef0f770 00007fcfd8011800
0x000000030c7c5bd0:   00007fcfcef10a70 000000013164a7f0
0x000000030c7c5be0:   0000000000000000 0000000000000000
0x000000030c7c5bf0:   0000000000000000 0000000000000000 

Instructions: (pc=0x000000011b5b1508)
0x000000011b5b1408:   ff 61 00 11 01 00 00 00 6a 00 00 00 00 00 00 00
0x000000011b5b1418:   00 00 00 00 00 00 00 00 f3 0f 10 04 24 48 83 c4
0x000000011b5b1428:   08 f3 0f 59 04 24 48 83 c4 08 41 0f b6 5d 01 49
0x000000011b5b1438:   ff c5 49 ba 90 1d 1f 11 01 00 00 00 41 ff 24 da
0x000000011b5b1448:   00 00 00 00 00 00 00 00 00 00 00 00 00 00 00 00
0x000000011b5b1458:   00 00 00 00 00 00 00 00 60 00 00 00 00 00 00 00
0x000000011b5b1468:   04 62 00 11 01 00 00 00 6b 00 00 00 00 00 00 00
0x000000011b5b1478:   00 00 00 00 00 00 00 00 f2 0f 10 04 24 48 83 c4
0x000000011b5b1488:   10 f2 0f 59 04 24 48 83 c4 10 41 0f b6 5d 01 49
0x000000011b5b1498:   ff c5 49 ba 90 25 1f 11 01 00 00 00 41 ff 24 da
0x000000011b5b14a8:   00 00 00 00 00 00 00 00 00 00 00 00 00 00 00 00
0x000000011b5b14b8:   00 00 00 00 00 00 00 00 60 00 00 00 00 00 00 00
0x000000011b5b14c8:   09 62 00 11 01 00 00 00 6c 00 00 00 00 00 00 00
0x000000011b5b14d8:   00 00 00 00 00 00 00 00 8b 04 24 48 83 c4 08 8b
0x000000011b5b14e8:   c8 8b 04 24 48 83 c4 08 81 f8 00 00 00 80 0f 85
0x000000011b5b14f8:   0b 00 00 00 33 d2 83 f9 ff 0f 84 03 00 00 00 99
0x000000011b5b1508:   f7 f9 41 0f b6 5d 01 49 ff c5 49 ba 90 0d 1f 11
0x000000011b5b1518:   01 00 00 00 41 ff 24 da 80 00 00 00 00 00 00 00
0x000000011b5b1528:   0e 62 00 11 01 00 00 00 6d 00 00 00 00 00 00 00
0x000000011b5b1538:   00 00 00 00 00 00 00 00 48 8b 04 24 48 83 c4 10
0x000000011b5b1548:   48 8b c8 48 8b 04 24 48 83 c4 10 48 85 c9 0f 84
0x000000011b5b1558:   b3 98 ff ff 48 3b 05 8d 50 ad f5 0f 85 0c 00 00
0x000000011b5b1568:   00 33 d2 48 83 f9 ff 0f 84 05 00 00 00 48 99 48
0x000000011b5b1578:   f7 f9 41 0f b6 5d 01 49 ff c5 49 ba 90 15 1f 11
0x000000011b5b1588:   01 00 00 00 41 ff 24 da 00 00 00 00 00 00 00 00
0x000000011b5b1598:   00 00 00 00 00 00 00 00 60 00 00 00 00 00 00 00
0x000000011b5b15a8:   13 62 00 11 01 00 00 00 6e 00 00 00 00 00 00 00
0x000000011b5b15b8:   00 00 00 00 00 00 00 00 f3 0f 10 04 24 48 83 c4
0x000000011b5b15c8:   08 0f 28 c8 f3 0f 10 04 24 48 83 c4 08 f3 0f 5e
0x000000011b5b15d8:   c1 41 0f b6 5d 01 49 ff c5 49 ba 90 1d 1f 11 01
0x000000011b5b15e8:   00 00 00 41 ff 24 da 90 00 00 00 00 00 00 00 00
0x000000011b5b15f8:   00 00 00 00 00 00 00 00 60 00 00 00 00 00 00 00 


Stack slot to memory mapping:
stack at sp + 0 slots: 0x000000030c7c5a00 is pointing into the stack for thread: 0x00007fcfd8011800
stack at sp + 1 slots: 0x000000013164a5eb is pointing into metadata
stack at sp + 2 slots: 0x000000030c7c5a98 is pointing into the stack for thread: 0x00007fcfd8011800
stack at sp + 3 slots: 0x000000013164a848 is pointing into metadata
stack at sp + 4 slots: 0x0 is NULL
stack at sp + 5 slots: 0x0000000787f48890 is an oop: java.lang.Class 
{0x0000000787f48890} - klass: 'java/lang/Class'
stack at sp + 6 slots: {method} {0x000000013164a6d0} 'solution' '(I[I)[I' in 'Main_220517'
stack at sp + 7 slots: 0x0 is NULL

idiv  108 idiv  [0x000000011b5b14e0, 0x000000011b5b1520]  64 bytes
[MachCode]
  0x000000011b5b14e0: 8b04 2448 | 83c4 088b | c88b 0424 | 4883 c408 | 81f8 0000 | 0080 0f85 | 0b00 0000 | 33d2 83f9 
  0x000000011b5b1500: ff0f 8403 | 0000 0099 | f7f9 410f | b65d 0149 | ffc5 49ba | 900d 1f11 | 0100 0000 | 41ff 24da 
[/MachCode]

---------------  P R O C E S S  ---------------

Threads class SMR info:
_java_thread_list=0x00007fcfced5aae0, length=10, elements={
0x00007fcfd8011800, 0x00007fcfcf079000, 0x00007fcfd804b800, 0x00007fcfaf008800,
0x00007fcfb8008800, 0x00007fcfd8053800, 0x00007fcfaf009000, 0x00007fcfaf00c000,
0x00007fcfcf822000, 0x00007fcfcf0a4800
}

Java Threads: ( => current thread )
=>0x00007fcfd8011800 JavaThread "main" [_thread_in_Java, id=8963, stack(0x000000030c6c6000,0x000000030c7c6000)]
  0x00007fcfcf079000 JavaThread "Reference Handler" daemon [_thread_blocked, id=17923, stack(0x000000030cddb000,0x000000030cedb000)]
  0x00007fcfd804b800 JavaThread "Finalizer" daemon [_thread_blocked, id=17667, stack(0x000000030cede000,0x000000030cfde000)]
  0x00007fcfaf008800 JavaThread "Signal Dispatcher" daemon [_thread_blocked, id=41219, stack(0x000000030d0ef000,0x000000030d1ef000)]
  0x00007fcfb8008800 JavaThread "Service Thread" daemon [_thread_blocked, id=24067, stack(0x000000030d1f2000,0x000000030d2f2000)]
  0x00007fcfd8053800 JavaThread "C2 CompilerThread0" daemon [_thread_blocked, id=39939, stack(0x000000030d2f5000,0x000000030d3f5000)]
  0x00007fcfaf009000 JavaThread "C1 CompilerThread0" daemon [_thread_blocked, id=24835, stack(0x000000030d3f8000,0x000000030d4f8000)]
  0x00007fcfaf00c000 JavaThread "Sweeper thread" daemon [_thread_blocked, id=25091, stack(0x000000030d4fb000,0x000000030d5fb000)]
  0x00007fcfcf822000 JavaThread "Notification Thread" daemon [_thread_blocked, id=38147, stack(0x000000030d5fe000,0x000000030d6fe000)]
  0x00007fcfcf0a4800 JavaThread "Common-Cleaner" daemon [_thread_blocked, id=37379, stack(0x000000030d804000,0x000000030d904000)]

Other Threads:
  0x00007fcfd8048800 VMThread "VM Thread" [stack: 0x000000030ccd8000,0x000000030cdd8000] [id=16387]
  0x00007fcfcf0a4000 WatcherThread [stack: 0x000000030d701000,0x000000030d801000] [id=37635]
  0x00007fcfd9025000 GCTaskThread "GC Thread#0" [stack: 0x000000030c7c9000,0x000000030c8c9000] [id=14339]
  0x00007fcfd9036800 ConcurrentGCThread "G1 Main Marker" [stack: 0x000000030c8cc000,0x000000030c9cc000] [id=14851]
  0x00007fcfcf00e800 ConcurrentGCThread "G1 Conc#0" [stack: 0x000000030c9cf000,0x000000030cacf000] [id=18947]
  0x00007fcfcf078800 ConcurrentGCThread "G1 Refine#0" [stack: 0x000000030cad2000,0x000000030cbd2000] [id=15619]
  0x00007fcfd8014800 ConcurrentGCThread "G1 Young RemSet Sampling" [stack: 0x000000030cbd5000,0x000000030ccd5000] [id=16131]

Threads with active compile tasks:

VM state:not at safepoint (normal execution)

VM Mutex/Monitor currently owned by a thread: None

Heap address: 0x0000000780000000, size: 2048 MB, Compressed Oops mode: Zero based, Oop shift amount: 3
Narrow klass base: 0x0000000800000000, Narrow klass shift: 3
Compressed class space size: 1073741824 Address: 0x0000000800b1a000

Heap:
 garbage-first heap   total 133120K, used 824K [0x0000000780000000, 0x0000000800000000)
  region size 1024K, 1 young (1024K), 0 survivors (0K)
 Metaspace       used 187K, capacity 4486K, committed 4864K, reserved 1056768K
  class space    used 10K, capacity 386K, committed 512K, reserved 1048576K
Heap Regions: E=young(eden), S=young(survivor), O=old, HS=humongous(starts), HC=humongous(continues), CS=collection set, F=free, OA=open archive, CA=closed archive, TAMS=top-at-mark-start (previous, next)
|   0|0x0000000780000000, 0x0000000780000000, 0x0000000780100000|  0%| F|  |TAMS 0x0000000780000000, 0x0000000780000000| Untracked 
|   1|0x0000000780100000, 0x0000000780100000, 0x0000000780200000|  0%| F|  |TAMS 0x0000000780100000, 0x0000000780100000| Untracked 
|   2|0x0000000780200000, 0x0000000780200000, 0x0000000780300000|  0%| F|  |TAMS 0x0000000780200000, 0x0000000780200000| Untracked 
|   3|0x0000000780300000, 0x0000000780300000, 0x0000000780400000|  0%| F|  |TAMS 0x0000000780300000, 0x0000000780300000| Untracked 
|   4|0x0000000780400000, 0x0000000780400000, 0x0000000780500000|  0%| F|  |TAMS 0x0000000780400000, 0x0000000780400000| Untracked 
|   5|0x0000000780500000, 0x0000000780500000, 0x0000000780600000|  0%| F|  |TAMS 0x0000000780500000, 0x0000000780500000| Untracked 
|   6|0x0000000780600000, 0x0000000780600000, 0x0000000780700000|  0%| F|  |TAMS 0x0000000780600000, 0x0000000780600000| Untracked 
|   7|0x0000000780700000, 0x0000000780700000, 0x0000000780800000|  0%| F|  |TAMS 0x0000000780700000, 0x0000000780700000| Untracked 
|   8|0x0000000780800000, 0x0000000780800000, 0x0000000780900000|  0%| F|  |TAMS 0x0000000780800000, 0x0000000780800000| Untracked 
|   9|0x0000000780900000, 0x0000000780900000, 0x0000000780a00000|  0%| F|  |TAMS 0x0000000780900000, 0x0000000780900000| Untracked 
|  10|0x0000000780a00000, 0x0000000780a00000, 0x0000000780b00000|  0%| F|  |TAMS 0x0000000780a00000, 0x0000000780a00000| Untracked 
|  11|0x0000000780b00000, 0x0000000780b00000, 0x0000000780c00000|  0%| F|  |TAMS 0x0000000780b00000, 0x0000000780b00000| Untracked 
|  12|0x0000000780c00000, 0x0000000780c00000, 0x0000000780d00000|  0%| F|  |TAMS 0x0000000780c00000, 0x0000000780c00000| Untracked 
|  13|0x0000000780d00000, 0x0000000780d00000, 0x0000000780e00000|  0%| F|  |TAMS 0x0000000780d00000, 0x0000000780d00000| Untracked 
|  14|0x0000000780e00000, 0x0000000780e00000, 0x0000000780f00000|  0%| F|  |TAMS 0x0000000780e00000, 0x0000000780e00000| Untracked 
|  15|0x0000000780f00000, 0x0000000780f00000, 0x0000000781000000|  0%| F|  |TAMS 0x0000000780f00000, 0x0000000780f00000| Untracked 
|  16|0x0000000781000000, 0x0000000781000000, 0x0000000781100000|  0%| F|  |TAMS 0x0000000781000000, 0x0000000781000000| Untracked 
|  17|0x0000000781100000, 0x0000000781100000, 0x0000000781200000|  0%| F|  |TAMS 0x0000000781100000, 0x0000000781100000| Untracked 
|  18|0x0000000781200000, 0x0000000781200000, 0x0000000781300000|  0%| F|  |TAMS 0x0000000781200000, 0x0000000781200000| Untracked 
|  19|0x0000000781300000, 0x0000000781300000, 0x0000000781400000|  0%| F|  |TAMS 0x0000000781300000, 0x0000000781300000| Untracked 
|  20|0x0000000781400000, 0x0000000781400000, 0x0000000781500000|  0%| F|  |TAMS 0x0000000781400000, 0x0000000781400000| Untracked 
|  21|0x0000000781500000, 0x0000000781500000, 0x0000000781600000|  0%| F|  |TAMS 0x0000000781500000, 0x0000000781500000| Untracked 
|  22|0x0000000781600000, 0x0000000781600000, 0x0000000781700000|  0%| F|  |TAMS 0x0000000781600000, 0x0000000781600000| Untracked 
|  23|0x0000000781700000, 0x0000000781700000, 0x0000000781800000|  0%| F|  |TAMS 0x0000000781700000, 0x0000000781700000| Untracked 
|  24|0x0000000781800000, 0x0000000781800000, 0x0000000781900000|  0%| F|  |TAMS 0x0000000781800000, 0x0000000781800000| Untracked 
|  25|0x0000000781900000, 0x0000000781900000, 0x0000000781a00000|  0%| F|  |TAMS 0x0000000781900000, 0x0000000781900000| Untracked 
|  26|0x0000000781a00000, 0x0000000781a00000, 0x0000000781b00000|  0%| F|  |TAMS 0x0000000781a00000, 0x0000000781a00000| Untracked 
|  27|0x0000000781b00000, 0x0000000781b00000, 0x0000000781c00000|  0%| F|  |TAMS 0x0000000781b00000, 0x0000000781b00000| Untracked 
|  28|0x0000000781c00000, 0x0000000781c00000, 0x0000000781d00000|  0%| F|  |TAMS 0x0000000781c00000, 0x0000000781c00000| Untracked 
|  29|0x0000000781d00000, 0x0000000781d00000, 0x0000000781e00000|  0%| F|  |TAMS 0x0000000781d00000, 0x0000000781d00000| Untracked 
|  30|0x0000000781e00000, 0x0000000781e00000, 0x0000000781f00000|  0%| F|  |TAMS 0x0000000781e00000, 0x0000000781e00000| Untracked 
|  31|0x0000000781f00000, 0x0000000781f00000, 0x0000000782000000|  0%| F|  |TAMS 0x0000000781f00000, 0x0000000781f00000| Untracked 
|  32|0x0000000782000000, 0x0000000782000000, 0x0000000782100000|  0%| F|  |TAMS 0x0000000782000000, 0x0000000782000000| Untracked 
|  33|0x0000000782100000, 0x0000000782100000, 0x0000000782200000|  0%| F|  |TAMS 0x0000000782100000, 0x0000000782100000| Untracked 
|  34|0x0000000782200000, 0x0000000782200000, 0x0000000782300000|  0%| F|  |TAMS 0x0000000782200000, 0x0000000782200000| Untracked 
|  35|0x0000000782300000, 0x0000000782300000, 0x0000000782400000|  0%| F|  |TAMS 0x0000000782300000, 0x0000000782300000| Untracked 
|  36|0x0000000782400000, 0x0000000782400000, 0x0000000782500000|  0%| F|  |TAMS 0x0000000782400000, 0x0000000782400000| Untracked 
|  37|0x0000000782500000, 0x0000000782500000, 0x0000000782600000|  0%| F|  |TAMS 0x0000000782500000, 0x0000000782500000| Untracked 
|  38|0x0000000782600000, 0x0000000782600000, 0x0000000782700000|  0%| F|  |TAMS 0x0000000782600000, 0x0000000782600000| Untracked 
|  39|0x0000000782700000, 0x0000000782700000, 0x0000000782800000|  0%| F|  |TAMS 0x0000000782700000, 0x0000000782700000| Untracked 
|  40|0x0000000782800000, 0x0000000782800000, 0x0000000782900000|  0%| F|  |TAMS 0x0000000782800000, 0x0000000782800000| Untracked 
|  41|0x0000000782900000, 0x0000000782900000, 0x0000000782a00000|  0%| F|  |TAMS 0x0000000782900000, 0x0000000782900000| Untracked 
|  42|0x0000000782a00000, 0x0000000782a00000, 0x0000000782b00000|  0%| F|  |TAMS 0x0000000782a00000, 0x0000000782a00000| Untracked 
|  43|0x0000000782b00000, 0x0000000782b00000, 0x0000000782c00000|  0%| F|  |TAMS 0x0000000782b00000, 0x0000000782b00000| Untracked 
|  44|0x0000000782c00000, 0x0000000782c00000, 0x0000000782d00000|  0%| F|  |TAMS 0x0000000782c00000, 0x0000000782c00000| Untracked 
|  45|0x0000000782d00000, 0x0000000782d00000, 0x0000000782e00000|  0%| F|  |TAMS 0x0000000782d00000, 0x0000000782d00000| Untracked 
|  46|0x0000000782e00000, 0x0000000782e00000, 0x0000000782f00000|  0%| F|  |TAMS 0x0000000782e00000, 0x0000000782e00000| Untracked 
|  47|0x0000000782f00000, 0x0000000782f00000, 0x0000000783000000|  0%| F|  |TAMS 0x0000000782f00000, 0x0000000782f00000| Untracked 
|  48|0x0000000783000000, 0x0000000783000000, 0x0000000783100000|  0%| F|  |TAMS 0x0000000783000000, 0x0000000783000000| Untracked 
|  49|0x0000000783100000, 0x0000000783100000, 0x0000000783200000|  0%| F|  |TAMS 0x0000000783100000, 0x0000000783100000| Untracked 
|  50|0x0000000783200000, 0x0000000783200000, 0x0000000783300000|  0%| F|  |TAMS 0x0000000783200000, 0x0000000783200000| Untracked 
|  51|0x0000000783300000, 0x0000000783300000, 0x0000000783400000|  0%| F|  |TAMS 0x0000000783300000, 0x0000000783300000| Untracked 
|  52|0x0000000783400000, 0x0000000783400000, 0x0000000783500000|  0%| F|  |TAMS 0x0000000783400000, 0x0000000783400000| Untracked 
|  53|0x0000000783500000, 0x0000000783500000, 0x0000000783600000|  0%| F|  |TAMS 0x0000000783500000, 0x0000000783500000| Untracked 
|  54|0x0000000783600000, 0x0000000783600000, 0x0000000783700000|  0%| F|  |TAMS 0x0000000783600000, 0x0000000783600000| Untracked 
|  55|0x0000000783700000, 0x0000000783700000, 0x0000000783800000|  0%| F|  |TAMS 0x0000000783700000, 0x0000000783700000| Untracked 
|  56|0x0000000783800000, 0x0000000783800000, 0x0000000783900000|  0%| F|  |TAMS 0x0000000783800000, 0x0000000783800000| Untracked 
|  57|0x0000000783900000, 0x0000000783900000, 0x0000000783a00000|  0%| F|  |TAMS 0x0000000783900000, 0x0000000783900000| Untracked 
|  58|0x0000000783a00000, 0x0000000783a00000, 0x0000000783b00000|  0%| F|  |TAMS 0x0000000783a00000, 0x0000000783a00000| Untracked 
|  59|0x0000000783b00000, 0x0000000783b00000, 0x0000000783c00000|  0%| F|  |TAMS 0x0000000783b00000, 0x0000000783b00000| Untracked 
|  60|0x0000000783c00000, 0x0000000783c00000, 0x0000000783d00000|  0%| F|  |TAMS 0x0000000783c00000, 0x0000000783c00000| Untracked 
|  61|0x0000000783d00000, 0x0000000783d00000, 0x0000000783e00000|  0%| F|  |TAMS 0x0000000783d00000, 0x0000000783d00000| Untracked 
|  62|0x0000000783e00000, 0x0000000783e00000, 0x0000000783f00000|  0%| F|  |TAMS 0x0000000783e00000, 0x0000000783e00000| Untracked 
|  63|0x0000000783f00000, 0x0000000783f00000, 0x0000000784000000|  0%| F|  |TAMS 0x0000000783f00000, 0x0000000783f00000| Untracked 
|  64|0x0000000784000000, 0x0000000784000000, 0x0000000784100000|  0%| F|  |TAMS 0x0000000784000000, 0x0000000784000000| Untracked 
|  65|0x0000000784100000, 0x0000000784100000, 0x0000000784200000|  0%| F|  |TAMS 0x0000000784100000, 0x0000000784100000| Untracked 
|  66|0x0000000784200000, 0x0000000784200000, 0x0000000784300000|  0%| F|  |TAMS 0x0000000784200000, 0x0000000784200000| Untracked 
|  67|0x0000000784300000, 0x0000000784300000, 0x0000000784400000|  0%| F|  |TAMS 0x0000000784300000, 0x0000000784300000| Untracked 
|  68|0x0000000784400000, 0x0000000784400000, 0x0000000784500000|  0%| F|  |TAMS 0x0000000784400000, 0x0000000784400000| Untracked 
|  69|0x0000000784500000, 0x0000000784500000, 0x0000000784600000|  0%| F|  |TAMS 0x0000000784500000, 0x0000000784500000| Untracked 
|  70|0x0000000784600000, 0x0000000784600000, 0x0000000784700000|  0%| F|  |TAMS 0x0000000784600000, 0x0000000784600000| Untracked 
|  71|0x0000000784700000, 0x0000000784700000, 0x0000000784800000|  0%| F|  |TAMS 0x0000000784700000, 0x0000000784700000| Untracked 
|  72|0x0000000784800000, 0x0000000784800000, 0x0000000784900000|  0%| F|  |TAMS 0x0000000784800000, 0x0000000784800000| Untracked 
|  73|0x0000000784900000, 0x0000000784900000, 0x0000000784a00000|  0%| F|  |TAMS 0x0000000784900000, 0x0000000784900000| Untracked 
|  74|0x0000000784a00000, 0x0000000784a00000, 0x0000000784b00000|  0%| F|  |TAMS 0x0000000784a00000, 0x0000000784a00000| Untracked 
|  75|0x0000000784b00000, 0x0000000784b00000, 0x0000000784c00000|  0%| F|  |TAMS 0x0000000784b00000, 0x0000000784b00000| Untracked 
|  76|0x0000000784c00000, 0x0000000784c00000, 0x0000000784d00000|  0%| F|  |TAMS 0x0000000784c00000, 0x0000000784c00000| Untracked 
|  77|0x0000000784d00000, 0x0000000784d00000, 0x0000000784e00000|  0%| F|  |TAMS 0x0000000784d00000, 0x0000000784d00000| Untracked 
|  78|0x0000000784e00000, 0x0000000784e00000, 0x0000000784f00000|  0%| F|  |TAMS 0x0000000784e00000, 0x0000000784e00000| Untracked 
|  79|0x0000000784f00000, 0x0000000784f00000, 0x0000000785000000|  0%| F|  |TAMS 0x0000000784f00000, 0x0000000784f00000| Untracked 
|  80|0x0000000785000000, 0x0000000785000000, 0x0000000785100000|  0%| F|  |TAMS 0x0000000785000000, 0x0000000785000000| Untracked 
|  81|0x0000000785100000, 0x0000000785100000, 0x0000000785200000|  0%| F|  |TAMS 0x0000000785100000, 0x0000000785100000| Untracked 
|  82|0x0000000785200000, 0x0000000785200000, 0x0000000785300000|  0%| F|  |TAMS 0x0000000785200000, 0x0000000785200000| Untracked 
|  83|0x0000000785300000, 0x0000000785300000, 0x0000000785400000|  0%| F|  |TAMS 0x0000000785300000, 0x0000000785300000| Untracked 
|  84|0x0000000785400000, 0x0000000785400000, 0x0000000785500000|  0%| F|  |TAMS 0x0000000785400000, 0x0000000785400000| Untracked 
|  85|0x0000000785500000, 0x0000000785500000, 0x0000000785600000|  0%| F|  |TAMS 0x0000000785500000, 0x0000000785500000| Untracked 
|  86|0x0000000785600000, 0x0000000785600000, 0x0000000785700000|  0%| F|  |TAMS 0x0000000785600000, 0x0000000785600000| Untracked 
|  87|0x0000000785700000, 0x0000000785700000, 0x0000000785800000|  0%| F|  |TAMS 0x0000000785700000, 0x0000000785700000| Untracked 
|  88|0x0000000785800000, 0x0000000785800000, 0x0000000785900000|  0%| F|  |TAMS 0x0000000785800000, 0x0000000785800000| Untracked 
|  89|0x0000000785900000, 0x0000000785900000, 0x0000000785a00000|  0%| F|  |TAMS 0x0000000785900000, 0x0000000785900000| Untracked 
|  90|0x0000000785a00000, 0x0000000785a00000, 0x0000000785b00000|  0%| F|  |TAMS 0x0000000785a00000, 0x0000000785a00000| Untracked 
|  91|0x0000000785b00000, 0x0000000785b00000, 0x0000000785c00000|  0%| F|  |TAMS 0x0000000785b00000, 0x0000000785b00000| Untracked 
|  92|0x0000000785c00000, 0x0000000785c00000, 0x0000000785d00000|  0%| F|  |TAMS 0x0000000785c00000, 0x0000000785c00000| Untracked 
|  93|0x0000000785d00000, 0x0000000785d00000, 0x0000000785e00000|  0%| F|  |TAMS 0x0000000785d00000, 0x0000000785d00000| Untracked 
|  94|0x0000000785e00000, 0x0000000785e00000, 0x0000000785f00000|  0%| F|  |TAMS 0x0000000785e00000, 0x0000000785e00000| Untracked 
|  95|0x0000000785f00000, 0x0000000785f00000, 0x0000000786000000|  0%| F|  |TAMS 0x0000000785f00000, 0x0000000785f00000| Untracked 
|  96|0x0000000786000000, 0x0000000786000000, 0x0000000786100000|  0%| F|  |TAMS 0x0000000786000000, 0x0000000786000000| Untracked 
|  97|0x0000000786100000, 0x0000000786100000, 0x0000000786200000|  0%| F|  |TAMS 0x0000000786100000, 0x0000000786100000| Untracked 
|  98|0x0000000786200000, 0x0000000786200000, 0x0000000786300000|  0%| F|  |TAMS 0x0000000786200000, 0x0000000786200000| Untracked 
|  99|0x0000000786300000, 0x0000000786300000, 0x0000000786400000|  0%| F|  |TAMS 0x0000000786300000, 0x0000000786300000| Untracked 
| 100|0x0000000786400000, 0x0000000786400000, 0x0000000786500000|  0%| F|  |TAMS 0x0000000786400000, 0x0000000786400000| Untracked 
| 101|0x0000000786500000, 0x0000000786500000, 0x0000000786600000|  0%| F|  |TAMS 0x0000000786500000, 0x0000000786500000| Untracked 
| 102|0x0000000786600000, 0x0000000786600000, 0x0000000786700000|  0%| F|  |TAMS 0x0000000786600000, 0x0000000786600000| Untracked 
| 103|0x0000000786700000, 0x0000000786700000, 0x0000000786800000|  0%| F|  |TAMS 0x0000000786700000, 0x0000000786700000| Untracked 
| 104|0x0000000786800000, 0x0000000786800000, 0x0000000786900000|  0%| F|  |TAMS 0x0000000786800000, 0x0000000786800000| Untracked 
| 105|0x0000000786900000, 0x0000000786900000, 0x0000000786a00000|  0%| F|  |TAMS 0x0000000786900000, 0x0000000786900000| Untracked 
| 106|0x0000000786a00000, 0x0000000786a00000, 0x0000000786b00000|  0%| F|  |TAMS 0x0000000786a00000, 0x0000000786a00000| Untracked 
| 107|0x0000000786b00000, 0x0000000786b00000, 0x0000000786c00000|  0%| F|  |TAMS 0x0000000786b00000, 0x0000000786b00000| Untracked 
| 108|0x0000000786c00000, 0x0000000786c00000, 0x0000000786d00000|  0%| F|  |TAMS 0x0000000786c00000, 0x0000000786c00000| Untracked 
| 109|0x0000000786d00000, 0x0000000786d00000, 0x0000000786e00000|  0%| F|  |TAMS 0x0000000786d00000, 0x0000000786d00000| Untracked 
| 110|0x0000000786e00000, 0x0000000786e00000, 0x0000000786f00000|  0%| F|  |TAMS 0x0000000786e00000, 0x0000000786e00000| Untracked 
| 111|0x0000000786f00000, 0x0000000786f00000, 0x0000000787000000|  0%| F|  |TAMS 0x0000000786f00000, 0x0000000786f00000| Untracked 
| 112|0x0000000787000000, 0x0000000787000000, 0x0000000787100000|  0%| F|  |TAMS 0x0000000787000000, 0x0000000787000000| Untracked 
| 113|0x0000000787100000, 0x0000000787100000, 0x0000000787200000|  0%| F|  |TAMS 0x0000000787100000, 0x0000000787100000| Untracked 
| 114|0x0000000787200000, 0x0000000787200000, 0x0000000787300000|  0%| F|  |TAMS 0x0000000787200000, 0x0000000787200000| Untracked 
| 115|0x0000000787300000, 0x0000000787300000, 0x0000000787400000|  0%| F|  |TAMS 0x0000000787300000, 0x0000000787300000| Untracked 
| 116|0x0000000787400000, 0x0000000787400000, 0x0000000787500000|  0%| F|  |TAMS 0x0000000787400000, 0x0000000787400000| Untracked 
| 117|0x0000000787500000, 0x0000000787500000, 0x0000000787600000|  0%| F|  |TAMS 0x0000000787500000, 0x0000000787500000| Untracked 
| 118|0x0000000787600000, 0x0000000787600000, 0x0000000787700000|  0%| F|  |TAMS 0x0000000787600000, 0x0000000787600000| Untracked 
| 119|0x0000000787700000, 0x0000000787700000, 0x0000000787800000|  0%| F|  |TAMS 0x0000000787700000, 0x0000000787700000| Untracked 
| 120|0x0000000787800000, 0x0000000787800000, 0x0000000787900000|  0%| F|  |TAMS 0x0000000787800000, 0x0000000787800000| Untracked 
| 121|0x0000000787900000, 0x0000000787900000, 0x0000000787a00000|  0%| F|  |TAMS 0x0000000787900000, 0x0000000787900000| Untracked 
| 122|0x0000000787a00000, 0x0000000787a00000, 0x0000000787b00000|  0%| F|  |TAMS 0x0000000787a00000, 0x0000000787a00000| Untracked 
| 123|0x0000000787b00000, 0x0000000787b00000, 0x0000000787c00000|  0%| F|  |TAMS 0x0000000787b00000, 0x0000000787b00000| Untracked 
| 124|0x0000000787c00000, 0x0000000787c00000, 0x0000000787d00000|  0%| F|  |TAMS 0x0000000787c00000, 0x0000000787c00000| Untracked 
| 125|0x0000000787d00000, 0x0000000787d00000, 0x0000000787e00000|  0%| F|  |TAMS 0x0000000787d00000, 0x0000000787d00000| Untracked 
| 126|0x0000000787e00000, 0x0000000787e00000, 0x0000000787f00000|  0%| F|  |TAMS 0x0000000787e00000, 0x0000000787e00000| Untracked 
| 127|0x0000000787f00000, 0x0000000787feb8d0, 0x0000000788000000| 92%| E|  |TAMS 0x0000000787f00000, 0x0000000787f00000| Complete 
|1022|0x00000007bfe00000, 0x00000007bfe52000, 0x00000007bff00000| 32%|OA|  |TAMS 0x00000007bfe00000, 0x00000007bfe00000| Untracked 
|1023|0x00000007bff00000, 0x00000007bff7c000, 0x00000007c0000000| 48%|CA|  |TAMS 0x00000007bff00000, 0x00000007bff00000| Untracked 

Card table byte_map: [0x000000012a99d000,0x000000012ad9d000] _byte_map_base: 0x0000000126d9d000

Marking Bits (Prev, Next): (CMBitMap*) 0x00007fcfd9025c18, (CMBitMap*) 0x00007fcfd9025c58
 Prev Bits: [0x000000012b19d000, 0x000000012d19d000)
 Next Bits: [0x000000012d19d000, 0x000000012f19d000)

Polling page: 0x00000001041f8000

Metaspace:

Usage:
  Non-class:      4.00 MB capacity,   176.45 KB (  4%) used,     3.83 MB ( 96%) free+waste,   128 bytes ( <1%) overhead. 
      Class:    386.00 KB capacity,    10.91 KB (  3%) used,   374.96 KB ( 97%) free+waste,   128 bytes ( <1%) overhead. 
       Both:      4.38 MB capacity,   187.37 KB (  4%) used,     4.20 MB ( 96%) free+waste,   256 bytes ( <1%) overhead. 

Virtual space:
  Non-class space:        8.00 MB reserved,       4.25 MB ( 53%) committed 
      Class space:        1.00 GB reserved,     512.00 KB ( <1%) committed 
             Both:        1.01 GB reserved,       4.75 MB ( <1%) committed 

Chunk freelists:
   Non-Class:  0 bytes
       Class:  0 bytes
        Both:  0 bytes

MaxMetaspaceSize: unlimited
CompressedClassSpaceSize: 1.00 GB

CodeHeap 'non-profiled nmethods': size=120028Kb used=14Kb max_used=14Kb free=120013Kb
 bounds [0x0000000123066000, 0x00000001232d6000, 0x000000012a59d000]
CodeHeap 'profiled nmethods': size=120028Kb used=74Kb max_used=74Kb free=119953Kb
 bounds [0x000000011bb2f000, 0x000000011bd9f000, 0x0000000123066000]
CodeHeap 'non-nmethods': size=5704Kb used=1036Kb max_used=1049Kb free=4667Kb
 bounds [0x000000011b59d000, 0x000000011b80d000, 0x000000011bb2f000]
 total_blobs=313 nmethods=55 adapters=173
 compilation: enabled
              stopped_count=0, restarted_count=0
 full_count=0

Compilation events (20 events):
Event: 0.071 Thread 0x00007fcfaf009000   45       3       java.util.HashMap::resize (356 bytes)
Event: 0.071 Thread 0x00007fcfd8053800   51       4       java.util.ImmutableCollections$SetN$SetNIterator::nextIndex (56 bytes)
Event: 0.072 Thread 0x00007fcfaf009000 nmethod 45 0x000000011bb3d210 code [0x000000011bb3d4c0, 0x000000011bb3ea60]
Event: 0.072 Thread 0x00007fcfaf009000   47       3       jdk.internal.module.ModuleBootstrap$2::hasNext (30 bytes)
Event: 0.072 Thread 0x00007fcfaf009000 nmethod 47 0x000000011bb3ef10 code [0x000000011bb3f0c0, 0x000000011bb3f410]
Event: 0.072 Thread 0x00007fcfaf009000   46       3       java.util.HashMap::putIfAbsent (13 bytes)
Event: 0.072 Thread 0x00007fcfaf009000 nmethod 46 0x000000011bb3f510 code [0x000000011bb3f6c0, 0x000000011bb3f9d0]
Event: 0.072 Thread 0x00007fcfaf009000   48       3       jdk.internal.module.ModuleBootstrap$2::next (52 bytes)
Event: 0.072 Thread 0x00007fcfaf009000 nmethod 48 0x000000011bb3fb10 code [0x000000011bb3fd00, 0x000000011bb40280]
Event: 0.072 Thread 0x00007fcfaf009000   50       1       java.lang.Module::getDescriptor (5 bytes)
Event: 0.072 Thread 0x00007fcfaf009000 nmethod 50 0x0000000123069590 code [0x0000000123069720, 0x00000001230697f0]
Event: 0.074 Thread 0x00007fcfd8053800 nmethod 51 0x0000000123069890 code [0x0000000123069a20, 0x0000000123069af8]
Event: 0.077 Thread 0x00007fcfaf009000   52       3       java.lang.String::isLatin1 (19 bytes)
Event: 0.077 Thread 0x00007fcfaf009000 nmethod 52 0x000000011bb40410 code [0x000000011bb405a0, 0x000000011bb40730]
Event: 0.077 Thread 0x00007fcfaf009000   53       3       java.lang.String::coder (15 bytes)
Event: 0.077 Thread 0x00007fcfaf009000 nmethod 53 0x000000011bb40790 code [0x000000011bb40920, 0x000000011bb40a70]
Event: 0.077 Thread 0x00007fcfaf009000   54       3       java.lang.String::charAt (25 bytes)
Event: 0.078 Thread 0x00007fcfaf009000 nmethod 54 0x000000011bb40b10 code [0x000000011bb40d00, 0x000000011bb41230]
Event: 0.078 Thread 0x00007fcfaf009000   55       3       java.lang.StringLatin1::charAt (28 bytes)
Event: 0.078 Thread 0x00007fcfaf009000 nmethod 55 0x000000011bb41490 code [0x000000011bb41640, 0x000000011bb41820]

GC Heap History (0 events):
No events

Deoptimization events (0 events):
No events

Classes unloaded (0 events):
No events

Classes redefined (0 events):
No events

Internal exceptions (0 events):
No events

Events (20 events):
Event: 0.076 loading class sun/nio/cs/ThreadLocalCoders
Event: 0.076 loading class sun/nio/cs/ThreadLocalCoders done
Event: 0.076 loading class sun/nio/cs/ThreadLocalCoders$1
Event: 0.076 loading class sun/nio/cs/ThreadLocalCoders$Cache
Event: 0.076 loading class sun/nio/cs/ThreadLocalCoders$Cache done
Event: 0.076 loading class sun/nio/cs/ThreadLocalCoders$1 done
Event: 0.076 loading class sun/nio/cs/ThreadLocalCoders$2
Event: 0.076 loading class sun/nio/cs/ThreadLocalCoders$2 done
Event: 0.076 loading class sun/nio/cs/UTF_8$Decoder
Event: 0.076 loading class java/nio/charset/CharsetDecoder
Event: 0.076 loading class java/nio/charset/CharsetDecoder done
Event: 0.076 loading class sun/nio/cs/UTF_8$Decoder done
Event: 0.077 loading class jdk/internal/loader/URLClassPath$FileLoader$1
Event: 0.077 loading class jdk/internal/loader/URLClassPath$FileLoader$1 done
Event: 0.078 Thread 0x00007fcfcf0a4800 Thread added: 0x00007fcfcf0a4800
Event: 0.078 Protecting memory [0x000000030d804000,0x000000030d808000] with protection modes 0
Event: 0.078 Executing VM operation: HandshakeOneThread
Event: 0.078 Executing VM operation: HandshakeOneThread done
Event: 0.080 loading class java/io/IOException
Event: 0.080 loading class java/io/IOException done


Dynamic libraries:
0x00007ffdffcb6000 	/Library/Apple/usr/libexec/oah/runtime
0x00007fff2a6b8000 	/usr/lib/libz.1.dylib
0x000000010c49c000 	/Library/Java/JavaVirtualMachines/adoptopenjdk-14.jdk/Contents/Home/lib/libjli.dylib
0x00007fff35356000 	/System/Library/Frameworks/Cocoa.framework/Versions/A/Cocoa
0x00007fff22215000 	/System/Library/Frameworks/Security.framework/Versions/A/Security
0x00007fff33555000 	/System/Library/Frameworks/ApplicationServices.framework/Versions/A/ApplicationServices
0x00007fff2a784000 	/usr/lib/libSystem.B.dylib
0x00007fff2a77e000 	/usr/lib/system/libcache.dylib
0x00007fff2a73a000 	/usr/lib/system/libcommonCrypto.dylib
0x00007fff2a764000 	/usr/lib/system/libcompiler_rt.dylib
0x00007fff2a759000 	/usr/lib/system/libcopyfile.dylib
0x00007fff201b6000 	/usr/lib/system/libcorecrypto.dylib
0x00007fff20282000 	/usr/lib/system/libdispatch.dylib
0x00007fff20437000 	/usr/lib/system/libdyld.dylib
0x00007fff2a775000 	/usr/lib/system/libkeymgr.dylib
0x00007fff2dd13000 	/usr/lib/system/liblaunch.dylib
0x00007fff2a718000 	/usr/lib/system/libmacho.dylib
0x00007fff29f2e000 	/usr/lib/system/libquarantine.dylib
0x00007fff2a772000 	/usr/lib/system/libremovefile.dylib
0x00007fff24baa000 	/usr/lib/system/libsystem_asl.dylib
0x00007fff20166000 	/usr/lib/system/libsystem_blocks.dylib
0x00007fff20304000 	/usr/lib/system/libsystem_c.dylib
0x00007fff2a76c000 	/usr/lib/system/libsystem_collections.dylib
0x00007fff2931b000 	/usr/lib/system/libsystem_configuration.dylib
0x00007fff2860b000 	/usr/lib/system/libsystem_containermanager.dylib
0x00007fff2a4b0000 	/usr/lib/system/libsystem_coreservices.dylib
0x00007fff227c9000 	/usr/lib/system/libsystem_darwin.dylib
0x00007fff2a776000 	/usr/lib/system/libsystem_dnssd.dylib
0x00007fff20301000 	/usr/lib/system/libsystem_featureflags.dylib
0x00007fff2047c000 	/usr/lib/system/libsystem_info.dylib
0x00007fff2a6cb000 	/usr/lib/system/libsystem_m.dylib
0x00007fff20255000 	/usr/lib/system/libsystem_malloc.dylib
0x00007fff24b3e000 	/usr/lib/system/libsystem_networkextension.dylib
0x00007fff22be3000 	/usr/lib/system/libsystem_notify.dylib
0x00007fff301c0000 	/usr/lib/system/libsystem_product_info_filter.dylib
0x00007fff2931f000 	/usr/lib/system/libsystem_sandbox.dylib
0x00007fff2a76f000 	/usr/lib/system/libsystem_secinit.dylib
0x00007fff203fc000 	/usr/lib/system/libsystem_kernel.dylib
0x00007fff20472000 	/usr/lib/system/libsystem_platform.dylib
0x00007fff2042b000 	/usr/lib/system/libsystem_pthread.dylib
0x00007fff262d7000 	/usr/lib/system/libsystem_symptoms.dylib
0x00007fff2019e000 	/usr/lib/system/libsystem_trace.dylib
0x00007fff2a746000 	/usr/lib/system/libunwind.dylib
0x00007fff20168000 	/usr/lib/system/libxpc.dylib
0x00007fff203e3000 	/usr/lib/libc++abi.dylib
0x00007fff202c7000 	/usr/lib/libobjc.A.dylib
0x00007fff2a751000 	/usr/lib/liboah.dylib
0x00007fff2038d000 	/usr/lib/libc++.1.dylib
0x00007fff204a8000 	/System/Library/Frameworks/CoreFoundation.framework/Versions/A/CoreFoundation
0x00007fff2118a000 	/System/Library/Frameworks/Foundation.framework/Versions/C/Foundation
0x00007fff22c3b000 	/System/Library/Frameworks/AppKit.framework/Versions/C/AppKit
0x00007fff25af7000 	/System/Library/Frameworks/CoreData.framework/Versions/A/CoreData
0x00007fff2399e000 	/System/Library/PrivateFrameworks/UIFoundation.framework/Versions/A/UIFoundation
0x00007fff2ff39000 	/System/Library/PrivateFrameworks/RemoteViewServices.framework/Versions/A/RemoteViewServices
0x00007fff28cd5000 	/System/Library/PrivateFrameworks/XCTTargetBootstrap.framework/Versions/A/XCTTargetBootstrap
0x00007fff2ba21000 	/usr/lib/libspindump.dylib
0x00007fff23bf2000 	/System/Library/Frameworks/UniformTypeIdentifiers.framework/Versions/A/UniformTypeIdentifiers
0x00007fff274ac000 	/usr/lib/libapp_launch_measurement.dylib
0x00007fff274af000 	/System/Library/PrivateFrameworks/CoreAutoLayout.framework/Versions/A/CoreAutoLayout
0x00007fff28637000 	/System/Library/Frameworks/Metal.framework/Versions/A/Metal
0x00007fff2932a000 	/usr/lib/liblangid.dylib
0x00007fff28cd9000 	/System/Library/PrivateFrameworks/CoreSVG.framework/Versions/A/CoreSVG
0x00007fff24bd9000 	/System/Library/PrivateFrameworks/SkyLight.framework/Versions/A/SkyLight
0x00007fff24f3f000 	/System/Library/Frameworks/CoreGraphics.framework/Versions/A/CoreGraphics
0x00007fff30590000 	/System/Library/Frameworks/Accelerate.framework/Versions/A/Accelerate
0x00007fff2b45c000 	/System/Library/PrivateFrameworks/IconServices.framework/Versions/A/IconServices
0x00007fff2861c000 	/System/Library/Frameworks/IOSurface.framework/Versions/A/IOSurface
0x00007fff26489000 	/usr/lib/libDiagnosticMessagesClient.dylib
0x00007fff28cc1000 	/System/Library/PrivateFrameworks/DFRFoundation.framework/Versions/A/DFRFoundation
0x00007fff22567000 	/usr/lib/libicucore.A.dylib
0x00007fff2cf61000 	/System/Library/Frameworks/AudioToolbox.framework/Versions/A/AudioToolbox
0x00007fff2c207000 	/System/Library/PrivateFrameworks/DataDetectorsCore.framework/Versions/A/DataDetectorsCore
0x00007fff289c1000 	/System/Library/Frameworks/Carbon.framework/Versions/A/Frameworks/HIToolbox.framework/Versions/A/HIToolbox
0x00007fff26f04000 	/System/Library/Frameworks/QuartzCore.framework/Versions/A/QuartzCore
0x00007fff2ff75000 	/System/Library/Frameworks/Carbon.framework/Versions/A/Frameworks/SpeechRecognition.framework/Versions/A/SpeechRecognition
0x00007fff27214000 	/System/Library/PrivateFrameworks/CoreUI.framework/Versions/A/CoreUI
0x00007fff21b71000 	/System/Library/Frameworks/CoreAudio.framework/Versions/A/CoreAudio
0x00007fff26574000 	/System/Library/Frameworks/DiskArbitration.framework/Versions/A/DiskArbitration
0x00007fff2be1b000 	/System/Library/PrivateFrameworks/MultitouchSupport.framework/Versions/A/MultitouchSupport
0x00007fff2c1fe000 	/System/Library/PrivateFrameworks/InternationalSupport.framework/Versions/A/InternationalSupport
0x00007fff24b4d000 	/usr/lib/libenergytrace.dylib
0x00007fff22b35000 	/System/Library/Frameworks/IOKit.framework/Versions/A/IOKit
0x00007fff302c2000 	/System/Library/Frameworks/CoreServices.framework/Versions/A/CoreServices
0x00007fff27442000 	/System/Library/PrivateFrameworks/PerformanceAnalysis.framework/Versions/A/PerformanceAnalysis
0x00007fff6cbcb000 	/System/Library/Frameworks/OpenGL.framework/Versions/A/OpenGL
0x00007fff2c283000 	/System/Library/PrivateFrameworks/UserActivity.framework/Versions/A/UserActivity
0x00007fff255f9000 	/System/Library/Frameworks/ColorSync.framework/Versions/A/ColorSync
0x00007fff28f41000 	/System/Library/Frameworks/CoreImage.framework/Versions/A/CoreImage
0x00007fff21988000 	/System/Library/Frameworks/CoreText.framework/Versions/A/CoreText
0x00007fff28d03000 	/System/Library/Frameworks/ImageIO.framework/Versions/A/ImageIO
0x00007fff2a78a000 	/System/Library/PrivateFrameworks/SoftLinking.framework/Versions/A/SoftLinking
0x00007fff274f8000 	/usr/lib/libxml2.2.dylib
0x00007fff2a9fc000 	/usr/lib/libcompression.dylib
0x00007fff24b4e000 	/usr/lib/libMobileGestalt.dylib
0x00007fff2c131000 	/System/Library/PrivateFrameworks/TextureIO.framework/Versions/A/TextureIO
0x00007fff2b0e9000 	/usr/lib/libate.dylib
0x00007fff2ae15000 	/usr/lib/liblzma.5.dylib
0x00007fff20e9e000 	/System/Library/Frameworks/SystemConfiguration.framework/Versions/A/SystemConfiguration
0x00007fff2a786000 	/usr/lib/libfakelink.dylib
0x00007fff246a0000 	/System/Library/Frameworks/CFNetwork.framework/Versions/A/CFNetwork
0x00007fff2a8c6000 	/usr/lib/libarchive.2.dylib
0x00007fff20f1c000 	/usr/lib/libCRFSuite.dylib
0x00007fff29f55000 	/usr/lib/libbsm.0.dylib
0x00007fff2405c000 	/usr/lib/libnetwork.dylib
0x00007fff2a78b000 	/usr/lib/libpcap.A.dylib
0x00007fff262d0000 	/usr/lib/libdns_services.dylib
0x00007fff2ae2e000 	/usr/lib/libcoretls_cfhelpers.dylib
0x00007fff2a9ca000 	/usr/lib/libapple_nghttp2.dylib
0x00007fff2a71e000 	/usr/lib/system/libkxld.dylib
0x00007fff25f3e000 	/usr/lib/libsqlite3.dylib
0x00007fff2a492000 	/System/Library/PrivateFrameworks/AppleFSCompression.framework/Versions/A/AppleFSCompression
0x00007fff29f3d000 	/usr/lib/libcoretls.dylib
0x00007fff2a9f7000 	/usr/lib/libpam.2.dylib
0x00007fff2af2a000 	/usr/lib/libxar.1.dylib
0x00007fff29326000 	/System/Library/PrivateFrameworks/AppleSystemInfo.framework/Versions/A/AppleSystemInfo
0x00007fff29b80000 	/System/Library/PrivateFrameworks/IOMobileFramebuffer.framework/Versions/A/IOMobileFramebuffer
0x00007fff2a4a2000 	/usr/lib/libbz2.1.0.dylib
0x00007fff2a7c3000 	/usr/lib/libiconv.2.dylib
0x00007fff2a717000 	/usr/lib/libcharset.1.dylib
0x00007fff2747e000 	/System/Library/Frameworks/CoreServices.framework/Versions/A/Frameworks/FSEvents.framework/Versions/A/FSEvents
0x00007fff227d3000 	/System/Library/Frameworks/CoreServices.framework/Versions/A/Frameworks/CarbonCore.framework/Versions/A/CarbonCore
0x00007fff264d9000 	/System/Library/Frameworks/CoreServices.framework/Versions/A/Frameworks/Metadata.framework/Versions/A/Metadata
0x00007fff2a4b5000 	/System/Library/Frameworks/CoreServices.framework/Versions/A/Frameworks/OSServices.framework/Versions/A/OSServices
0x00007fff2a938000 	/System/Library/Frameworks/CoreServices.framework/Versions/A/Frameworks/SearchKit.framework/Versions/A/SearchKit
0x00007fff2625a000 	/System/Library/Frameworks/CoreServices.framework/Versions/A/Frameworks/AE.framework/Versions/A/AE
0x00007fff20944000 	/System/Library/Frameworks/CoreServices.framework/Versions/A/Frameworks/LaunchServices.framework/Versions/A/LaunchServices
0x00007fff2adc6000 	/System/Library/Frameworks/CoreServices.framework/Versions/A/Frameworks/DictionaryServices.framework/Versions/A/DictionaryServices
0x00007fff27487000 	/System/Library/Frameworks/CoreServices.framework/Versions/A/Frameworks/SharedFileList.framework/Versions/A/SharedFileList
0x00007fff29f31000 	/usr/lib/libCheckFix.dylib
0x00007fff24bc1000 	/System/Library/PrivateFrameworks/TCC.framework/Versions/A/TCC
0x00007fff2932c000 	/System/Library/PrivateFrameworks/CoreNLP.framework/Versions/A/CoreNLP
0x00007fff2648c000 	/System/Library/PrivateFrameworks/MetadataUtilities.framework/Versions/A/MetadataUtilities
0x00007fff20f52000 	/usr/lib/libmecabra.dylib
0x00007fff2a245000 	/System/Library/Frameworks/MLCompute.framework/Versions/A/MLCompute
0x00007fff29f66000 	/usr/lib/libmecab.dylib
0x00007fff29fb0000 	/usr/lib/libgermantok.dylib
0x00007fff2a9a0000 	/usr/lib/libThaiTokenizer.dylib
0x00007fff2af65000 	/usr/lib/libChineseTokenizer.dylib
0x00007fff2a9f5000 	/System/Library/Frameworks/MetalPerformanceShaders.framework/Versions/A/MetalPerformanceShaders
0x00007fff2657b000 	/System/Library/Frameworks/Accelerate.framework/Versions/A/Frameworks/vImage.framework/Versions/A/vImage
0x00007fff3029b000 	/System/Library/Frameworks/Accelerate.framework/Versions/A/Frameworks/vecLib.framework/Versions/A/vecLib
0x00007fff2af70000 	/System/Library/Frameworks/Accelerate.framework/Versions/A/Frameworks/vecLib.framework/Versions/A/libvMisc.dylib
0x00007fff299dc000 	/System/Library/Frameworks/Accelerate.framework/Versions/A/Frameworks/vecLib.framework/Versions/A/libvDSP.dylib
0x00007fff20c48000 	/System/Library/Frameworks/Accelerate.framework/Versions/A/Frameworks/vecLib.framework/Versions/A/libBLAS.dylib
0x00007fff2aa1b000 	/System/Library/Frameworks/Accelerate.framework/Versions/A/Frameworks/vecLib.framework/Versions/A/libLAPACK.dylib
0x00007fff29fb6000 	/System/Library/Frameworks/Accelerate.framework/Versions/A/Frameworks/vecLib.framework/Versions/A/libLinearAlgebra.dylib
0x00007fff2a9e2000 	/System/Library/Frameworks/Accelerate.framework/Versions/A/Frameworks/vecLib.framework/Versions/A/libSparseBLAS.dylib
0x00007fff2aa15000 	/System/Library/Frameworks/Accelerate.framework/Versions/A/Frameworks/vecLib.framework/Versions/A/libQuadrature.dylib
0x00007fff293d4000 	/System/Library/Frameworks/Accelerate.framework/Versions/A/Frameworks/vecLib.framework/Versions/A/libBNNS.dylib
0x00007fff20e2f000 	/System/Library/Frameworks/Accelerate.framework/Versions/A/Frameworks/vecLib.framework/Versions/A/libSparse.dylib
0x00007fff292bf000 	/System/Library/Frameworks/MetalPerformanceShaders.framework/Versions/A/Frameworks/MPSCore.framework/Versions/A/MPSCore
0x00007fff2a401000 	/System/Library/Frameworks/MetalPerformanceShaders.framework/Versions/A/Frameworks/MPSImage.framework/Versions/A/MPSImage
0x00007fff29fcd000 	/System/Library/Frameworks/MetalPerformanceShaders.framework/Versions/A/Frameworks/MPSNeuralNetwork.framework/Versions/A/MPSNeuralNetwork
0x00007fff2a38c000 	/System/Library/Frameworks/MetalPerformanceShaders.framework/Versions/A/Frameworks/MPSMatrix.framework/Versions/A/MPSMatrix
0x00007fff2a1f5000 	/System/Library/Frameworks/MetalPerformanceShaders.framework/Versions/A/Frameworks/MPSRayIntersector.framework/Versions/A/MPSRayIntersector
0x00007fff2a3c3000 	/System/Library/Frameworks/MetalPerformanceShaders.framework/Versions/A/Frameworks/MPSNDArray.framework/Versions/A/MPSNDArray
0x00007fff20b74000 	/System/Library/PrivateFrameworks/MetalTools.framework/Versions/A/MetalTools
0x00007fff29324000 	/System/Library/PrivateFrameworks/AggregateDictionary.framework/Versions/A/AggregateDictionary
0x00007fff26464000 	/System/Library/PrivateFrameworks/CoreAnalytics.framework/Versions/A/CoreAnalytics
0x00007fff2a9a2000 	/System/Library/PrivateFrameworks/AppleSauce.framework/Versions/A/AppleSauce
0x00007fff2862e000 	/System/Library/PrivateFrameworks/IOAccelerator.framework/Versions/A/IOAccelerator
0x00007fff6cbbf000 	/System/Library/Frameworks/OpenGL.framework/Versions/A/Libraries/libCoreFSCache.dylib
0x00007fff214ee000 	/System/Library/PrivateFrameworks/LanguageModeling.framework/Versions/A/LanguageModeling
0x00007fff29b6d000 	/System/Library/PrivateFrameworks/CoreEmoji.framework/Versions/A/CoreEmoji
0x00007fff293cd000 	/System/Library/PrivateFrameworks/LinguisticData.framework/Versions/A/LinguisticData
0x00007fff20de1000 	/System/Library/PrivateFrameworks/Lexicon.framework/Versions/A/Lexicon
0x00007fff2a8b4000 	/usr/lib/libcmph.dylib
0x00007fff2745e000 	/System/Library/Frameworks/OpenDirectory.framework/Versions/A/Frameworks/CFOpenDirectory.framework/Versions/A/CFOpenDirectory
0x00007fff2744e000 	/System/Library/Frameworks/OpenDirectory.framework/Versions/A/OpenDirectory
0x00007fff2ae30000 	/System/Library/PrivateFrameworks/APFS.framework/Versions/A/APFS
0x00007fff29e92000 	/System/Library/Frameworks/SecurityFoundation.framework/Versions/A/SecurityFoundation
0x00007fff2af38000 	/usr/lib/libutil.dylib
0x00007fff22afa000 	/System/Library/PrivateFrameworks/CoreServicesStore.framework/Versions/A/CoreServicesStore
0x00007fff29f29000 	/System/Library/Frameworks/ServiceManagement.framework/Versions/A/ServiceManagement
0x00007fff2af3c000 	/usr/lib/libxslt.1.dylib
0x00007fff29f1f000 	/System/Library/PrivateFrameworks/BackgroundTaskManagement.framework/Versions/A/BackgroundTaskManagement
0x00007fff2c07c000 	/System/Library/Frameworks/ImageIO.framework/Versions/A/Resources/libRadiance.dylib
0x00007fff2c085000 	/System/Library/Frameworks/ImageIO.framework/Versions/A/Resources/libJPEG.dylib
0x00007fff2bfd5000 	/System/Library/Frameworks/ImageIO.framework/Versions/A/Resources/libPng.dylib
0x00007fff2bffc000 	/System/Library/Frameworks/ImageIO.framework/Versions/A/Resources/libTIFF.dylib
0x00007fff2c0da000 	/System/Library/Frameworks/ImageIO.framework/Versions/A/Resources/libGIF.dylib
0x00007fff2bd39000 	/System/Library/Frameworks/ImageIO.framework/Versions/A/Resources/libJP2.dylib
0x00007fff2b423000 	/usr/lib/libexpat.1.dylib
0x00007fff2bcee000 	/System/Library/PrivateFrameworks/AppleJPEG.framework/Versions/A/AppleJPEG
0x00007fff28864000 	/System/Library/PrivateFrameworks/FontServices.framework/libFontParser.dylib
0x00007fff2620e000 	/System/Library/PrivateFrameworks/RunningBoardServices.framework/Versions/A/RunningBoardServices
0x00007fff2be17000 	/System/Library/PrivateFrameworks/WatchdogClient.framework/Versions/A/WatchdogClient
0x00007fff215db000 	/System/Library/Frameworks/CoreDisplay.framework/Versions/A/CoreDisplay
0x00007fff2877a000 	/System/Library/Frameworks/CoreMedia.framework/Versions/A/CoreMedia
0x00007fff275db000 	/System/Library/Frameworks/CoreVideo.framework/Versions/A/CoreVideo
0x00007fff2be4f000 	/System/Library/Frameworks/VideoToolbox.framework/Versions/A/VideoToolbox
0x00007fff2618c000 	/System/Library/PrivateFrameworks/BaseBoard.framework/Versions/A/BaseBoard
0x00007fff2b568000 	/System/Library/PrivateFrameworks/PersistentConnection.framework/Versions/A/PersistentConnection
0x00007fff25f27000 	/System/Library/PrivateFrameworks/ProtocolBuffer.framework/Versions/A/ProtocolBuffer
0x00007fff26173000 	/System/Library/PrivateFrameworks/CommonUtilities.framework/Versions/A/CommonUtilities
0x00007fff2bc83000 	/System/Library/PrivateFrameworks/Bom.framework/Versions/A/Bom
0x00007fff2c075000 	/System/Library/PrivateFrameworks/GPUWrangler.framework/Versions/A/GPUWrangler
0x00007fff2c05a000 	/System/Library/PrivateFrameworks/IOPresentment.framework/Versions/A/IOPresentment
0x00007fff2c07f000 	/System/Library/PrivateFrameworks/DSExternalDisplay.framework/Versions/A/DSExternalDisplay
0x00007fff2c0df000 	/System/Library/PrivateFrameworks/CMCaptureCore.framework/Versions/A/CMCaptureCore
0x00007fff2ba08000 	/System/Library/PrivateFrameworks/AppServerSupport.framework/Versions/A/AppServerSupport
0x00007fff2dab2000 	/System/Library/PrivateFrameworks/perfdata.framework/Versions/A/perfdata
0x00007fff29e81000 	/System/Library/PrivateFrameworks/AssertionServices.framework/Versions/A/AssertionServices
0x00007fff21712000 	/System/Library/PrivateFrameworks/AudioToolboxCore.framework/Versions/A/AudioToolboxCore
0x00007fff2875d000 	/System/Library/PrivateFrameworks/caulk.framework/Versions/A/caulk
0x00007fff3d73f000 	/System/Library/PrivateFrameworks/SystemPolicy.framework/Versions/A/SystemPolicy
0x00007fff2b218000 	/usr/lib/libIOReport.dylib
0x00007fff2d2d4000 	/usr/lib/libSMC.dylib
0x00007fff2bfa2000 	/usr/lib/libAudioToolboxUtility.dylib
0x00007fff3e0a9000 	/usr/lib/libmis.dylib
0x00007fff6cc1b000 	/System/Library/Frameworks/OpenGL.framework/Versions/A/Libraries/libGLU.dylib
0x00007fff6cbde000 	/System/Library/Frameworks/OpenGL.framework/Versions/A/Libraries/libGFXShared.dylib
0x00007fff6cded000 	/System/Library/Frameworks/OpenGL.framework/Versions/A/Libraries/libGL.dylib
0x00007fff6cbe7000 	/System/Library/Frameworks/OpenGL.framework/Versions/A/Libraries/libGLImage.dylib
0x00007fff6cbdb000 	/System/Library/Frameworks/OpenGL.framework/Versions/A/Libraries/libCVMSPluginSupport.dylib
0x00007fff6cbc6000 	/System/Library/Frameworks/OpenGL.framework/Versions/A/Libraries/libCoreVMClient.dylib
0x00007fff6e22e000 	/System/Library/Frameworks/OpenCL.framework/Versions/A/OpenCL
0x00007fff2b592000 	/System/Library/PrivateFrameworks/GraphVisualizer.framework/Versions/A/GraphVisualizer
0x00007fff2b5a1000 	/System/Library/PrivateFrameworks/FaceCore.framework/Versions/A/FaceCore
0x00007fff2b9bd000 	/System/Library/PrivateFrameworks/OTSVG.framework/Versions/A/OTSVG
0x00007fff271d2000 	/System/Library/Frameworks/ApplicationServices.framework/Versions/A/Frameworks/ATS.framework/Versions/A/Resources/libFontRegistry.dylib
0x00007fff2ba0f000 	/System/Library/PrivateFrameworks/FontServices.framework/libhvf.dylib
0x00007fff2b3cf000 	/System/Library/PrivateFrameworks/AppleVA.framework/Versions/A/AppleVA
0x00007fff2d11d000 	/System/Library/Frameworks/ApplicationServices.framework/Versions/A/Frameworks/ATS.framework/Versions/A/ATS
0x00007fff2d42f000 	/System/Library/Frameworks/ApplicationServices.framework/Versions/A/Frameworks/ColorSyncLegacy.framework/Versions/A/ColorSyncLegacy
0x00007fff256f0000 	/System/Library/Frameworks/ApplicationServices.framework/Versions/A/Frameworks/HIServices.framework/Versions/A/HIServices
0x00007fff2d414000 	/System/Library/Frameworks/ApplicationServices.framework/Versions/A/Frameworks/LangAnalysis.framework/Versions/A/LangAnalysis
0x00007fff2c0e9000 	/System/Library/Frameworks/ApplicationServices.framework/Versions/A/Frameworks/PrintCore.framework/Versions/A/PrintCore
0x00007fff2d437000 	/System/Library/Frameworks/ApplicationServices.framework/Versions/A/Frameworks/QD.framework/Versions/A/QD
0x00007fff2d10d000 	/System/Library/Frameworks/ApplicationServices.framework/Versions/A/Frameworks/SpeechSynthesis.framework/Versions/A/SpeechSynthesis
0x00007fff2c0aa000 	/System/Library/Frameworks/ApplicationServices.framework/Versions/A/Frameworks/ATSUI.framework/Versions/A/ATSUI
0x00007fff2d3b4000 	/usr/lib/libcups.2.dylib
0x00007fff2d424000 	/System/Library/PrivateFrameworks/NetAuth.framework/Versions/A/NetAuth
0x00007fff2dace000 	/System/Library/Frameworks/Kerberos.framework/Versions/A/Kerberos
0x00007fff2dade000 	/System/Library/Frameworks/GSS.framework/Versions/A/GSS
0x00007fff2d189000 	/usr/lib/libresolv.9.dylib
0x00007fff2ba24000 	/System/Library/PrivateFrameworks/Heimdal.framework/Versions/A/Heimdal
0x00007fff33855000 	/System/Library/Frameworks/Kerberos.framework/Versions/A/Libraries/libHeimdalProxy.dylib
0x00007fff262df000 	/System/Library/Frameworks/Network.framework/Versions/A/Network
0x00007fff2b43d000 	/usr/lib/libheimdal-asn1.dylib
0x00007fff2db2e000 	/System/Library/PrivateFrameworks/CommonAuth.framework/Versions/A/CommonAuth
0x00007fff27628000 	/System/Library/PrivateFrameworks/login.framework/Versions/A/Frameworks/loginsupport.framework/Versions/A/loginsupport
0x00007fff2d092000 	/System/Library/PrivateFrameworks/AudioSession.framework/Versions/A/AudioSession
0x00007fff2d0fa000 	/usr/lib/libAudioStatistics.dylib
0x00007fff2b4ca000 	/System/Library/PrivateFrameworks/MediaExperience.framework/Versions/A/MediaExperience
0x00007fff2cf2f000 	/System/Library/PrivateFrameworks/AudioSession.framework/libSessionUtility.dylib
0x00007fff2dabf000 	/usr/lib/libperfcheck.dylib
0x00007fff2d443000 	/System/Library/PrivateFrameworks/AudioResourceArbitration.framework/Versions/A/AudioResourceArbitration
0x00007fff2b447000 	/System/Library/PrivateFrameworks/IconFoundation.framework/Versions/A/IconFoundation
0x00007fff2ff65000 	/System/Library/PrivateFrameworks/SpeechRecognitionCore.framework/Versions/A/SpeechRecognitionCore
0x00007fff5dff6000 	/System/Library/CoreServices/Encodings/libKoreanConverter.dylib
0x0000000110800000 	/Library/Java/JavaVirtualMachines/adoptopenjdk-14.jdk/Contents/Home/lib/server/libjvm.dylib
0x000000010c542000 	/Library/Java/JavaVirtualMachines/adoptopenjdk-14.jdk/Contents/Home/lib/libjimage.dylib
0x000000010c59a000 	/Library/Java/JavaVirtualMachines/adoptopenjdk-14.jdk/Contents/Home/lib/libjava.dylib
0x000000010c5f7000 	/Library/Java/JavaVirtualMachines/adoptopenjdk-14.jdk/Contents/Home/lib/libzip.dylib


VM Arguments:
jvm_args: -XX:+ShowCodeDetailsInExceptionMessages -Dfile.encoding=UTF-8 
java_command: Main_220517
java_class_path (initial): /Users/hyunseo/Java Alrorithm /Java Algorithm/bin
Launcher Type: SUN_STANDARD

[Global flags]
     intx CICompilerCount                          = 4                                         {product} {ergonomic}
     uint ConcGCThreads                            = 2                                         {product} {ergonomic}
     uint G1ConcRefinementThreads                  = 8                                         {product} {ergonomic}
   size_t G1HeapRegionSize                         = 1048576                                   {product} {ergonomic}
    uintx GCDrainStackTargetSize                   = 64                                        {product} {ergonomic}
   size_t InitialHeapSize                          = 134217728                                 {product} {ergonomic}
   size_t MarkStackSize                            = 4194304                                   {product} {ergonomic}
   size_t MaxHeapSize                              = 2147483648                                {product} {ergonomic}
   size_t MaxNewSize                               = 1287651328                                {product} {ergonomic}
   size_t MinHeapDeltaBytes                        = 1048576                                   {product} {ergonomic}
   size_t MinHeapSize                              = 8388608                                   {product} {ergonomic}
    uintx NonNMethodCodeHeapSize                   = 5839372                                {pd product} {ergonomic}
    uintx NonProfiledCodeHeapSize                  = 122909434                              {pd product} {ergonomic}
    uintx ProfiledCodeHeapSize                     = 122909434                              {pd product} {ergonomic}
    uintx ReservedCodeCacheSize                    = 251658240                              {pd product} {ergonomic}
     bool SegmentedCodeCache                       = true                                      {product} {ergonomic}
     bool ShowCodeDetailsInExceptionMessages       = true                                   {manageable} {command line}
   size_t SoftMaxHeapSize                          = 2147483648                             {manageable} {ergonomic}
     bool UseCompressedClassPointers               = true                                 {lp64_product} {ergonomic}
     bool UseCompressedOops                        = true                                 {lp64_product} {ergonomic}
     bool UseG1GC                                  = true                                      {product} {ergonomic}

Logging:
Log output configuration:
 #0: stdout all=warning uptime,level,tags
 #1: stderr all=off uptime,level,tags

Environment Variables:
PATH=/opt/homebrew/bin:/opt/homebrew/sbin:/usr/local/bin:/usr/bin:/bin:/usr/sbin:/sbin:/usr/local/share/dotnet:~/.dotnet/tools:/Library/Apple/usr/bin:/Library/Frameworks/Mono.framework/Versions/Current/Commands:/opt/homebrew/bin:/opt/homebrew/sbin
SHELL=/bin/zsh

Signal Handlers:
SIGSEGV: [libjvm.dylib+0x7a76b0], sa_mask[0]=11111111111111111111111111111111, sa_flags=SA_ONSTACK|SA_RESTART|SA_SIGINFO
SIGBUS: [libjvm.dylib+0x7a76b0], sa_mask[0]=11111111111111111111111111111111, sa_flags=SA_RESTART|SA_SIGINFO
SIGFPE: [libjvm.dylib+0x7a76b0], sa_mask[0]=11111111111111111111111111111111, sa_flags=SA_RESTART|SA_SIGINFO
SIGPIPE: [libjvm.dylib+0x5f917f], sa_mask[0]=11111111111111111111111111111111, sa_flags=SA_RESTART|SA_SIGINFO
SIGXFSZ: [libjvm.dylib+0x5f917f], sa_mask[0]=11111111111111111111111111111111, sa_flags=SA_RESTART|SA_SIGINFO
SIGILL: [libjvm.dylib+0x7a76b0], sa_mask[0]=11111111111111111111111111111111, sa_flags=SA_RESTART|SA_SIGINFO
SIGUSR2: [libjvm.dylib+0x5f974f], sa_mask[0]=00000000000000000000000000000000, sa_flags=SA_RESTART|SA_SIGINFO
SIGHUP: [libjvm.dylib+0x5f87af], sa_mask[0]=11111111111111111111111111111111, sa_flags=SA_RESTART|SA_SIGINFO
SIGINT: [libjvm.dylib+0x5f87af], sa_mask[0]=11111111111111111111111111111111, sa_flags=SA_RESTART|SA_SIGINFO
SIGTERM: [libjvm.dylib+0x5f87af], sa_mask[0]=11111111111111111111111111111111, sa_flags=SA_RESTART|SA_SIGINFO
SIGQUIT: [libjvm.dylib+0x5f87af], sa_mask[0]=11111111111111111111111111111111, sa_flags=SA_RESTART|SA_SIGINFO


---------------  S Y S T E M  ---------------

OS:uname:Darwin 20.2.0 Darwin Kernel Version 20.2.0: Wed Dec  2 20:40:21 PST 2020; root:xnu-7195.60.75~1/RELEASE_ARM64_T8101 x86_64
OS uptime: 0 days 0:33 hours
rlimit: STACK 8176k, CORE 0k, NPROC 1333, NOFILE 10240, AS infinity, DATA infinity, FSIZE infinity
load average:1.77 1.71 1.76

CPU:total 8 (initial active 8) (1 cores per cpu, 1 threads per core) family 6 model 44 stepping 0, cmov, cx8, fxsr, mmx, sse, sse2, sse3, ssse3, sse4.1, sse4.2, popcnt, aes, clmul, tsc, tscinvbit, tscinv

Memory: 4k page, physical 8388608k(20504k free), swap 3145728k(1012480k free)

vm_info: OpenJDK 64-Bit Server VM (14.0.2+12) for bsd-amd64 JRE (14.0.2+12), built on Jul 15 2020 10:01:04 by "jenkins" with clang 4.2.1 Compatible Apple LLVM 10.0.1 (clang-1001.0.46.4)

END.
